<?xml version="1.0" encoding="UTF-8"?>
<!-- Generated by org.testng.reporters.JUnitXMLReporter -->
<testsuite ignored="1" hostname="DESKTOP-BSREHGF" failures="0" tests="1" name="Default test(failed)" time="109.781" errors="0" timestamp="2023-09-09T00:21:26 IST">
  <testcase classname="homePageTestCases.SearchProduct" name="storeAllMobileNames" time="56.145"/>
  <testcase classname="homePageTestCases.SearchProduct" name="searchMobiles" time="0.0">
    <ignored/>
  </testcase> <!-- searchMobiles -->
</testsuite> <!-- Default test(failed) -->
