<?xml version="1.0" encoding="UTF-8"?>
<testng-results ignored="1" total="2" passed="1" failed="0" skipped="0">
  <reporter-output>
  </reporter-output>
  <suite started-at="2023-09-09T00:19:36 IST" name="Failed suite [Default suite]" finished-at="2023-09-09T00:21:25 IST" duration-ms="109781">
    <groups>
    </groups>
    <test started-at="2023-09-09T00:19:36 IST" name="Default test(failed)" finished-at="2023-09-09T00:21:25 IST" duration-ms="109781">
      <class name="homePageTestCases.SearchProduct">
        <test-method is-config="true" signature="Cofig_BC()[pri:0, instance:homePageTestCases.SearchProduct@506ae4d4]" started-at="2023-09-09T00:19:36 IST" name="Cofig_BC" finished-at="2023-09-09T00:19:49 IST" duration-ms="12980" status="PASS">
          <reporter-output>
          </reporter-output>
        </test-method> <!-- Cofig_BC -->
        <test-method is-config="true" signature="Config_BM()[pri:0, instance:homePageTestCases.SearchProduct@506ae4d4]" started-at="2023-09-09T00:19:49 IST" name="Config_BM" finished-at="2023-09-09T00:20:27 IST" duration-ms="38423" status="PASS">
          <reporter-output>
          </reporter-output>
        </test-method> <!-- Config_BM -->
        <test-method signature="storeAllMobileNames()[pri:0, instance:homePageTestCases.SearchProduct@506ae4d4]" started-at="2023-09-09T00:20:27 IST" name="storeAllMobileNames" finished-at="2023-09-09T00:21:23 IST" duration-ms="56145" status="PASS">
          <reporter-output>
          </reporter-output>
        </test-method> <!-- storeAllMobileNames -->
        <test-method is-config="true" signature="Cofig_AM()[pri:0, instance:homePageTestCases.SearchProduct@506ae4d4]" started-at="2023-09-09T00:21:23 IST" name="Cofig_AM" finished-at="2023-09-09T00:21:23 IST" duration-ms="1" status="PASS">
          <reporter-output>
          </reporter-output>
        </test-method> <!-- Cofig_AM -->
        <test-method is-config="true" signature="config_AC()[pri:0, instance:homePageTestCases.SearchProduct@506ae4d4]" started-at="2023-09-09T00:21:23 IST" name="config_AC" finished-at="2023-09-09T00:21:25 IST" duration-ms="2129" status="PASS">
          <reporter-output>
          </reporter-output>
        </test-method> <!-- config_AC -->
      </class> <!-- homePageTestCases.SearchProduct -->
    </test> <!-- Default test(failed) -->
  </suite> <!-- Failed suite [Default suite] -->
</testng-results>
